



    ###############################
    #######      Error      #######
    ###############################
    At the file : index.py
    At the function : checkLoginData
    
    Error: object of type 'NoneType' has no len()
    



    ###############################
    #######      Error      #######
    ###############################
    At the file : index.py
    At the function : checkone
    
    Error: object of type 'NoneType' has no len()
    



    ###############################
    #######      Error      #######
    ###############################
    At the file : index.py
    At the function : checkLoginData
    
    Error: object of type 'NoneType' has no len()
    



    ###############################
    #######      Error      #######
    ###############################
    At the file : index.py
    At the function : checkLoginData
    
    Error: object of type 'NoneType' has no len()
    



    ###############################
    #######      Error      #######
    ###############################
    At the file : index.py
    At the function : checkLoginData
    
    Error: object of type 'NoneType' has no len()
    



    ###############################
    #######      Error      #######
    ###############################
    At the file : index.py
    At the function : checkLoginData
    
    Error: object of type 'NoneType' has no len()
    